Arguments: 
  /usr/bin/node /usr/bin/yarn install

PATH: 
  /usr/local/sbin:/usr/local/bin:/usr/bin:/usr/bin/site_perl:/usr/bin/vendor_perl:/usr/bin/core_perl

Yarn version: 
  1.12.3

Node version: 
  11.4.0

Platform: 
  linux x64

Trace: 
  SyntaxError: /home/louis/web/onigiri-demo/package.json: Unexpected token } in JSON at position 291
      at JSON.parse (<anonymous>)
      at /usr/lib/node_modules/yarn/lib/cli.js:1631:59
      at Generator.next (<anonymous>)
      at step (/usr/lib/node_modules/yarn/lib/cli.js:304:30)
      at /usr/lib/node_modules/yarn/lib/cli.js:315:13

npm manifest: 
  {
    "name": "onigiri",
    "version": "1.0.0",
    "description": "Mini Node MVC Framework",
    "main": "app.js",
    "scripts": {
      "test": "echo \"Error: no test specified\" && exit 1"
    },
      "dependencies": {
      "onigiri": "yktr-inc/onigiri#master",
      "gyoza": "yktr-inc/gyoza#master",
    },
    "repository": {
      "type": "git",
      "url": "git+https://github.com/yktr-inc/onigiri.git"
    },
    "author": "HARANG, VARVEROPOULOS, LIEGE, MATI",
    "license": "ISC",
    "bugs": {
      "url": "https://github.com/yktr-inc/onigiri/issues"
    },
    "homepage": "https://github.com/yktr-inc/onigiri#readme"
  }

yarn manifest: 
  No manifest

Lockfile: 
  # THIS IS AN AUTOGENERATED FILE. DO NOT EDIT THIS FILE DIRECTLY.
  # yarn lockfile v1
